<?xml version="1.0" encoding="UTF-8"?>
<!-- Generated by org.testng.reporters.JUnitReportReporter -->
<testsuite hostname="LTIN235954" failures="0" tests="2" name="com.TestCases.TC003_EnteringIncorrectAmount" time="102.112" errors="0" timestamp="2024-02-29T13:58:07 IST" skipped="0">
  <testcase classname="com.TestCases.TC003_EnteringIncorrectAmount" name="amount1" time="58.104"/>
  <testcase classname="com.TestCases.TC003_EnteringIncorrectAmount" name="amount2" time="44.008"/>
</testsuite> <!-- com.TestCases.TC003_EnteringIncorrectAmount -->
