<?xml version="1.0" encoding="UTF-8"?>
<!-- Generated by org.testng.reporters.JUnitReportReporter -->
<testsuite hostname="LTIN235954" failures="0" tests="1" name="com.TestCases.TC001_GettingTopThree_BookShelves" time="78.183" errors="0" timestamp="2024-02-29T13:58:07 IST" skipped="0">
  <testcase classname="com.TestCases.TC001_GettingTopThree_BookShelves" name="getBookshelves" time="78.183"/>
</testsuite> <!-- com.TestCases.TC001_GettingTopThree_BookShelves -->
